<?xml version="1.0" encoding="UTF-8"?>
<!-- Generated by org.testng.reporters.JUnitReportReporter -->
<testsuite hostname="LAPTOP-HO7KUVB5" failures="0" tests="7" name="com.bookmyshow.tests.SportsPageTests" time="32.561" errors="0" timestamp="2021-06-29T12:48:53 IST" skipped="0">
  <testcase classname="com.bookmyshow.tests.SportsPageTests" name="Test_Sports_Is_Clicked" time="0.045"/>
  <system-out/>
  <testcase classname="com.bookmyshow.tests.SportsPageTests" name="Test_Minimum_Is_clicked" time="1.034"/>
  <system-out/>
  <testcase classname="com.bookmyshow.tests.SportsPageTests" name="Test_Sports_Available_Are_Displayed" time="10.079"/>
  <system-out/>
  <testcase classname="com.bookmyshow.tests.SportsPageTests" name="Test_PriceRange_Is_clicked" time="0.822"/>
  <system-out/>
  <testcase classname="com.bookmyshow.tests.SportsPageTests" name="Test_Weekend_Is_clicked" time="0.283"/>
  <system-out/>
  <testcase classname="com.bookmyshow.tests.SportsPageTests" name="Test_Sports_Availabe_Are_Displayed_After_Selecting_MinimumRange" time="10.261"/>
  <system-out/>
  <testcase classname="com.bookmyshow.tests.SportsPageTests" name="Test_Sports_Availabe_Are_Displayed_After_Selecting_Weekend" time="10.037"/>
  <system-out/>
</testsuite> <!-- com.bookmyshow.tests.SportsPageTests -->
