<?xml version="1.0" encoding="UTF-8"?>
<!-- Generated by org.testng.reporters.JUnitReportReporter -->
<testsuite hostname="LAPTOP-HO7KUVB5" failures="0" tests="5" name="com.bookmyshow.tests.SigninWindowTests" time="19.156" errors="0" timestamp="2021-06-29T23:52:58 IST" skipped="0">
  <testcase classname="com.bookmyshow.tests.SigninWindowTests" name="Test_Invalid_UserName" time="3.651"/>
  <system-out/>
  <testcase classname="com.bookmyshow.tests.SigninWindowTests" name="Test_Invalid_Password" time="4.554"/>
  <system-out/>
  <testcase classname="com.bookmyshow.tests.SigninWindowTests" name="Test_Blank_UserName" time="2.114"/>
  <system-out/>
  <testcase classname="com.bookmyshow.tests.SigninWindowTests" name="Test_Blank_Password" time="4.562"/>
  <system-out/>
  <testcase classname="com.bookmyshow.tests.SigninWindowTests" name="Test_Signing_In_Appears_Correctly" time="4.275"/>
  <system-out/>
</testsuite> <!-- com.bookmyshow.tests.SigninWindowTests -->
