<?xml version="1.0" encoding="UTF-8"?>
<!-- Generated by org.testng.reporters.JUnitReportReporter -->
<testsuite hostname="LAPTOP-HO7KUVB5" failures="0" tests="6" name="com.bookmyshow.tests.HomePageTests" time="3.530" errors="0" timestamp="2021-06-29T23:52:58 IST" skipped="0">
  <testcase classname="com.bookmyshow.tests.HomePageTests" name="Test_City_Is_Selected_Correctly" time="1.028"/>
  <system-out/>
  <testcase classname="com.bookmyshow.tests.HomePageTests" name="Test_Popup_Is_Ignored" time="0.282"/>
  <system-out/>
  <testcase classname="com.bookmyshow.tests.HomePageTests" name="Test_Browser_And_URL_Invoked_Correctly" time="0.007"/>
  <system-out/>
  <testcase classname="com.bookmyshow.tests.HomePageTests" name="Test_Continue_Via_Google_Button_Is_Clicked" time="0.708"/>
  <system-out/>
  <testcase classname="com.bookmyshow.tests.HomePageTests" name="Test_Signin_Button_Is_clicked" time="1.493"/>
  <system-out/>
  <testcase classname="com.bookmyshow.tests.HomePageTests" name="Test_MainPage_Title_Matches_Correctly" time="0.012"/>
  <system-out/>
</testsuite> <!-- com.bookmyshow.tests.HomePageTests -->
