<?xml version="1.0" encoding="UTF-8"?>
<!-- Generated by org.testng.reporters.JUnitReportReporter -->
<testsuite hostname="LAPTOP-4C88H348" failures="0" tests="4" name="com.bookmyshow.tests.MoviesPageTests" time="1.054" errors="0" timestamp="2021-06-26T16:01:59 IST" skipped="0">
  <testcase classname="com.bookmyshow.tests.MoviesPageTests" name="Test_Languages_Are_Displayed" time="0.006"/>
  <system-out/>
  <testcase classname="com.bookmyshow.tests.MoviesPageTests" name="Test_Window_Navigates_To_Movie_Page" time="0.011"/>
  <system-out/>
  <testcase classname="com.bookmyshow.tests.MoviesPageTests" name="Test_Movies_Are_Displayed" time="0.023"/>
  <system-out/>
  <testcase classname="com.bookmyshow.tests.MoviesPageTests" name="Test_Languages_Are_Extracted_And_Stored_In_List" time="1.014"/>
  <system-out/>
</testsuite> <!-- com.bookmyshow.tests.MoviesPageTests -->
