<?xml version="1.0" encoding="UTF-8"?>
<!-- Generated by org.testng.reporters.JUnitReportReporter -->
<testsuite hostname="LAPTOP-4C88H348" failures="0" tests="7" name="com.bookmyshow.tests.SportsPageTests" time="3.796" errors="0" timestamp="2021-06-26T16:26:54 IST" skipped="0">
  <testcase classname="com.bookmyshow.tests.SportsPageTests" name="Test_Sports_Availabe_Are_Displayed_After_Selecting_Weekend" time="1.304"/>
  <system-out/>
  <testcase classname="com.bookmyshow.tests.SportsPageTests" name="Test_Minimum_Is_clicked" time="0.220"/>
  <system-out/>
  <testcase classname="com.bookmyshow.tests.SportsPageTests" name="Test_Sports_Available_Are_Displayed" time="1.138"/>
  <system-out/>
  <testcase classname="com.bookmyshow.tests.SportsPageTests" name="Test_Sports_Is_Clicked" time="0.040"/>
  <system-out/>
  <testcase classname="com.bookmyshow.tests.SportsPageTests" name="Test_PriceRange_Is_clicked" time="0.209"/>
  <system-out/>
  <testcase classname="com.bookmyshow.tests.SportsPageTests" name="Test_Sports_Availabe_Are_Displayed_After_Selecting_MinimumRange" time="0.593"/>
  <system-out/>
  <testcase classname="com.bookmyshow.tests.SportsPageTests" name="Test_Weekend_Is_clicked" time="0.292"/>
  <system-out/>
</testsuite> <!-- com.bookmyshow.tests.SportsPageTests -->
