<?xml version="1.0" encoding="UTF-8"?>
<!-- Generated by org.testng.reporters.JUnitReportReporter -->
<testsuite hostname="LAPTOP-HO7KUVB5" failures="0" tests="4" name="com.bookmyshow.tests.MoviesPageTests" time="1.350" errors="0" timestamp="2021-06-30T11:51:36 IST" skipped="0">
  <testcase classname="com.bookmyshow.tests.MoviesPageTests" name="Test_Window_Navigates_To_Movie_Page" time="0.092"/>
  <system-out/>
  <testcase classname="com.bookmyshow.tests.MoviesPageTests" name="Test_Languages_Are_Extracted_And_Stored_In_List" time="1.189"/>
  <system-out/>
  <testcase classname="com.bookmyshow.tests.MoviesPageTests" name="Test_Movies_Are_Displayed" time="0.067"/>
  <system-out/>
  <testcase classname="com.bookmyshow.tests.MoviesPageTests" name="Test_Languages_Are_Displayed" time="0.002"/>
  <system-out/>
</testsuite> <!-- com.bookmyshow.tests.MoviesPageTests -->
