<?xml version="1.0" encoding="UTF-8"?>
<!-- Generated by org.testng.reporters.JUnitReportReporter -->
<testsuite hostname="LAPTOP-4C88H348" failures="0" tests="3" name="com.bookmyshow.tests.TestCases" time="16.559" errors="0" timestamp="2021-06-25T11:48:48 IST" skipped="0">
  <testcase classname="com.bookmyshow.tests.TestCases" name="Test_Browser_And_URL_Invoked_Correctly" time="11.453"/>
  <system-out/>
  <testcase classname="com.bookmyshow.tests.TestCases" name="Test_MainPage_Title_Matches_Correctly" time="3.061"/>
  <system-out/>
  <testcase classname="com.bookmyshow.tests.TestCases" name="Test_City_Is_Selected_Correctly" time="2.045"/>
  <system-out/>
</testsuite> <!-- com.bookmyshow.tests.TestCases -->
