<?xml version="1.0" encoding="UTF-8"?>
<!-- Generated by org.testng.reporters.JUnitReportReporter -->
<testsuite hostname="LAPTOP-4C88H348" failures="0" tests="6" name="com.bookmyshow.tests.HomePageTests" time="34.285" errors="0" timestamp="2021-06-26T18:32:12 IST" skipped="0">
  <testcase classname="com.bookmyshow.tests.HomePageTests" name="Test_Popup_Is_Ignored" time="32.268"/>
  <system-out/>
  <testcase classname="com.bookmyshow.tests.HomePageTests" name="Test_Browser_And_URL_Invoked_Correctly" time="0.026"/>
  <system-out/>
  <testcase classname="com.bookmyshow.tests.HomePageTests" name="Test_City_Is_Selected_Correctly" time="0.779"/>
  <system-out/>
  <testcase classname="com.bookmyshow.tests.HomePageTests" name="Test_Continue_Via_Google_Button_Is_Clicked" time="0.401"/>
  <system-out/>
  <testcase classname="com.bookmyshow.tests.HomePageTests" name="Test_MainPage_Title_Matches_Correctly" time="0.025"/>
  <system-out/>
  <testcase classname="com.bookmyshow.tests.HomePageTests" name="Test_Signin_Button_Is_clicked" time="0.786"/>
  <system-out/>
</testsuite> <!-- com.bookmyshow.tests.HomePageTests -->
