<?xml version="1.0" encoding="UTF-8"?>
<!-- Generated by org.testng.reporters.JUnitReportReporter -->
<testsuite hostname="LAPTOP-HO7KUVB5" failures="0" tests="4" name="com.bookmyshow.tests.MoviesPageTests" time="0.919" errors="0" timestamp="2021-06-29T23:52:58 IST" skipped="0">
  <testcase classname="com.bookmyshow.tests.MoviesPageTests" name="Test_Movies_Are_Displayed" time="0.040"/>
  <system-out/>
  <testcase classname="com.bookmyshow.tests.MoviesPageTests" name="Test_Languages_Are_Displayed" time="0.008"/>
  <system-out/>
  <testcase classname="com.bookmyshow.tests.MoviesPageTests" name="Test_Languages_Are_Extracted_And_Stored_In_List" time="0.866"/>
  <system-out/>
  <testcase classname="com.bookmyshow.tests.MoviesPageTests" name="Test_Window_Navigates_To_Movie_Page" time="0.005"/>
  <system-out/>
</testsuite> <!-- com.bookmyshow.tests.MoviesPageTests -->
