<?xml version="1.0" encoding="UTF-8"?>
<!-- Generated by org.testng.reporters.JUnitReportReporter -->
<testsuite hostname="LAPTOP-HO7KUVB5" failures="0" tests="5" name="com.bookmyshow.tests.SigninWindowTests" time="43.328" errors="0" timestamp="2021-06-30T13:26:56 IST" skipped="0">
  <testcase classname="com.bookmyshow.tests.SigninWindowTests" name="Test_Invalid_UserName" time="9.226"/>
  <system-out/>
  <testcase classname="com.bookmyshow.tests.SigninWindowTests" name="Test_Invalid_Password" time="7.685"/>
  <system-out/>
  <testcase classname="com.bookmyshow.tests.SigninWindowTests" name="Test_Blank_UserName" time="3.585"/>
  <system-out/>
  <testcase classname="com.bookmyshow.tests.SigninWindowTests" name="Test_Blank_Password" time="11.254"/>
  <system-out/>
  <testcase classname="com.bookmyshow.tests.SigninWindowTests" name="Test_Signing_In_Appears_Correctly" time="11.578"/>
  <system-out/>
</testsuite> <!-- com.bookmyshow.tests.SigninWindowTests -->
