<?xml version="1.0" encoding="UTF-8"?>
<!-- Generated by org.testng.reporters.JUnitReportReporter -->
<testsuite hostname="LAPTOP-HO7KUVB5" failures="0" tests="25" name="com.bookmyshow.tests.SigninWindowTests" time="35.049" errors="0" timestamp="2021-06-29T12:48:53 IST" skipped="0">
  <testcase classname="com.bookmyshow.tests.SigninWindowTests" name="Test_Invalid_UserName" time="7.584"/>
  <system-out/>
  <testcase classname="com.bookmyshow.tests.SigninWindowTests" name="Test_Invalid_UserName" time="0.002"/>
  <system-out/>
  <testcase classname="com.bookmyshow.tests.SigninWindowTests" name="Test_Invalid_UserName" time="0.002"/>
  <system-out/>
  <testcase classname="com.bookmyshow.tests.SigninWindowTests" name="Test_Invalid_UserName" time="0.001"/>
  <system-out/>
  <testcase classname="com.bookmyshow.tests.SigninWindowTests" name="Test_Invalid_UserName" time="0.003"/>
  <system-out/>
  <testcase classname="com.bookmyshow.tests.SigninWindowTests" name="Test_Invalid_Password" time="0.013"/>
  <system-out/>
  <testcase classname="com.bookmyshow.tests.SigninWindowTests" name="Test_Invalid_Password" time="8.287"/>
  <system-out/>
  <testcase classname="com.bookmyshow.tests.SigninWindowTests" name="Test_Invalid_Password" time="0.001"/>
  <system-out/>
  <testcase classname="com.bookmyshow.tests.SigninWindowTests" name="Test_Invalid_Password" time="0.004"/>
  <system-out/>
  <testcase classname="com.bookmyshow.tests.SigninWindowTests" name="Test_Invalid_Password" time="0.001"/>
  <system-out/>
  <testcase classname="com.bookmyshow.tests.SigninWindowTests" name="Test_Blank_UserName" time="0.001"/>
  <system-out/>
  <testcase classname="com.bookmyshow.tests.SigninWindowTests" name="Test_Blank_UserName" time="0.001"/>
  <system-out/>
  <testcase classname="com.bookmyshow.tests.SigninWindowTests" name="Test_Blank_UserName" time="0.008"/>
  <system-out/>
  <testcase classname="com.bookmyshow.tests.SigninWindowTests" name="Test_Blank_UserName" time="4.074"/>
  <system-out/>
  <testcase classname="com.bookmyshow.tests.SigninWindowTests" name="Test_Blank_UserName" time="0.002"/>
  <system-out/>
  <testcase classname="com.bookmyshow.tests.SigninWindowTests" name="Test_Blank_Password" time="0.001"/>
  <system-out/>
  <testcase classname="com.bookmyshow.tests.SigninWindowTests" name="Test_Blank_Password" time="0.000"/>
  <system-out/>
  <testcase classname="com.bookmyshow.tests.SigninWindowTests" name="Test_Blank_Password" time="0.002"/>
  <system-out/>
  <testcase classname="com.bookmyshow.tests.SigninWindowTests" name="Test_Blank_Password" time="0.003"/>
  <system-out/>
  <testcase classname="com.bookmyshow.tests.SigninWindowTests" name="Test_Blank_Password" time="8.000"/>
  <system-out/>
  <testcase classname="com.bookmyshow.tests.SigninWindowTests" name="Test_Signing_In_Appears_Correctly" time="0.003"/>
  <system-out/>
  <testcase classname="com.bookmyshow.tests.SigninWindowTests" name="Test_Signing_In_Appears_Correctly" time="7.052"/>
  <system-out/>
  <testcase classname="com.bookmyshow.tests.SigninWindowTests" name="Test_Signing_In_Appears_Correctly" time="0.001"/>
  <system-out/>
  <testcase classname="com.bookmyshow.tests.SigninWindowTests" name="Test_Signing_In_Appears_Correctly" time="0.002"/>
  <system-out/>
  <testcase classname="com.bookmyshow.tests.SigninWindowTests" name="Test_Signing_In_Appears_Correctly" time="0.001"/>
  <system-out/>
</testsuite> <!-- com.bookmyshow.tests.SigninWindowTests -->
