<?xml version="1.0" encoding="UTF-8"?>
<!-- Generated by org.testng.reporters.JUnitReportReporter -->
<testsuite hostname="LAPTOP-HO7KUVB5" failures="0" tests="5" name="com.bookmyshow.tests.SigninWindowTests" time="37.914" errors="0" timestamp="2021-06-30T11:51:36 IST" skipped="0">
  <testcase classname="com.bookmyshow.tests.SigninWindowTests" name="Test_Invalid_UserName" time="10.711"/>
  <system-out/>
  <testcase classname="com.bookmyshow.tests.SigninWindowTests" name="Test_Invalid_Password" time="7.648"/>
  <system-out/>
  <testcase classname="com.bookmyshow.tests.SigninWindowTests" name="Test_Blank_UserName" time="4.674"/>
  <system-out/>
  <testcase classname="com.bookmyshow.tests.SigninWindowTests" name="Test_Blank_Password" time="7.204"/>
  <system-out/>
  <testcase classname="com.bookmyshow.tests.SigninWindowTests" name="Test_Signing_In_Appears_Correctly" time="7.677"/>
  <system-out/>
</testsuite> <!-- com.bookmyshow.tests.SigninWindowTests -->
