<?xml version="1.0" encoding="UTF-8"?>
<!-- Generated by org.testng.reporters.JUnitReportReporter -->
<testsuite hostname="LAPTOP-HO7KUVB5" failures="0" tests="7" name="com.bookmyshow.tests.SportsPageTests" time="35.172" errors="0" timestamp="2021-06-30T11:51:36 IST" skipped="0">
  <testcase classname="com.bookmyshow.tests.SportsPageTests" name="Test_PriceRange_Is_clicked" time="1.579"/>
  <system-out/>
  <testcase classname="com.bookmyshow.tests.SportsPageTests" name="Test_Sports_Is_Clicked" time="0.067"/>
  <system-out/>
  <testcase classname="com.bookmyshow.tests.SportsPageTests" name="Test_Sports_Availabe_Are_Displayed_After_Selecting_Weekend" time="10.107"/>
  <system-out/>
  <testcase classname="com.bookmyshow.tests.SportsPageTests" name="Test_Weekend_Is_clicked" time="0.295"/>
  <system-out/>
  <testcase classname="com.bookmyshow.tests.SportsPageTests" name="Test_Minimum_Is_clicked" time="2.822"/>
  <system-out/>
  <testcase classname="com.bookmyshow.tests.SportsPageTests" name="Test_Sports_Available_Are_Displayed" time="10.074"/>
  <system-out/>
  <testcase classname="com.bookmyshow.tests.SportsPageTests" name="Test_Sports_Availabe_Are_Displayed_After_Selecting_MinimumRange" time="10.228"/>
  <system-out/>
</testsuite> <!-- com.bookmyshow.tests.SportsPageTests -->
